-- The C compiler identification is GNU 13.3.0
-- The CXX compiler identification is GNU 13.3.0
-- Detecting C compiler ABI info
-- Detecting C compiler ABI info - done
-- Check for working C compiler: /usr/bin/cc - skipped
-- Detecting C compile features
-- Detecting C compile features - done
-- Detecting CXX compiler ABI info
-- Detecting CXX compiler ABI info - done
-- Check for working CXX compiler: /usr/bin/c++ - skipped
-- Detecting CXX compile features
-- Detecting CXX compile features - done
-- Found ament_cmake: 2.5.4 (/opt/ros/jazzy/share/ament_cmake/cmake)
-- Found Python3: /usr/bin/python3 (found version "3.12.3") found components: Interpreter 
-- Found rclcpp: 28.1.13 (/opt/ros/jazzy/share/rclcpp/cmake)
-- Found rosidl_generator_c: 4.6.6 (/opt/ros/jazzy/share/rosidl_generator_c/cmake)
-- Found rosidl_generator_cpp: 4.6.6 (/opt/ros/jazzy/share/rosidl_generator_cpp/cmake)
-- Using all available rosidl_typesupport_c: rosidl_typesupport_fastrtps_c;rosidl_typesupport_introspection_c
-- Using all available rosidl_typesupport_cpp: rosidl_typesupport_fastrtps_cpp;rosidl_typesupport_introspection_cpp
-- Found rmw_implementation_cmake: 7.3.2 (/opt/ros/jazzy/share/rmw_implementation_cmake/cmake)
-- Found rmw_fastrtps_cpp: 8.4.3 (/opt/ros/jazzy/share/rmw_fastrtps_cpp/cmake)
-- Found OpenSSL: /usr/lib/x86_64-linux-gnu/libcrypto.so (found version "3.0.13")  
-- Found FastRTPS: /opt/ros/jazzy/include (Required is at least version "2.13") 
-- Using RMW implementation 'rmw_fastrtps_cpp' as default
-- Found sensor_msgs: 5.3.6 (/opt/ros/jazzy/share/sensor_msgs/cmake)
-- Found nav_msgs: 5.3.6 (/opt/ros/jazzy/share/nav_msgs/cmake)
-- Found ament_lint_auto: 0.17.3 (/opt/ros/jazzy/share/ament_lint_auto/cmake)
-- Added test 'cppcheck' to perform static code analysis on C / C++ code
-- Configured cppcheck include dirs: 
-- Configured cppcheck exclude dirs and/or files: 
-- Added test 'lint_cmake' to check CMake code style
-- Added test 'uncrustify' to check C / C++ code style
-- Configured uncrustify additional arguments: 
-- Added test 'xmllint' to check XML markup files
-- Configuring done (1.5s)
-- Generating done (0.0s)
-- Build files have been written to: /home/ros2_ws/src/wander/build/wander
[ 50%] [32mBuilding CXX object CMakeFiles/wander_node.dir/src/wander.cpp.o[0m
[01m[K/home/ros2_ws/src/wander/src/wander.cpp:3:1:[m[K [01;31m[Kerror: [m[Kâ€˜[01m[Krclcpp[m[Kâ€™ does not name a type
    3 | [01;31m[Krclcpp[m[K::Subscription<nav_msgs::msg::Odometry>::SharedPtr odometrySub;
      | [01;31m[K^~~~~~[m[K
[01m[K/home/ros2_ws/src/wander/src/wander.cpp:5:1:[m[K [01;31m[Kerror: [m[Kâ€˜[01m[KodometrySub[m[Kâ€™ does not name a type
    5 | [01;31m[KodometrySub[m[K = this->create_subscription<nav_msgs::msg::Odometry>("odom", 1, std::bind(&Wander::commandOdom, this, std::placeholders::_1));
      | [01;31m[K^~~~~~~~~~~[m[K
[01m[K/home/ros2_ws/src/wander/src/wander.cpp:[m[K In function â€˜[01m[Kvoid[01;32m[K commandOdom[m[K(nav_msgs::msg::Odometry_<std::allocator<void> >::SharedPtr)[m[Kâ€™:
[01m[K/home/ros2_ws/src/wander/src/wander.cpp:10:22:[m[K [01;31m[Kerror: [m[Kâ€˜[01m[Katan2[m[Kâ€™ was not declared in this scope
   10 |   double angle = 2 * [01;31m[Katan2[m[K(q_z, q_w);
      |                      [01;31m[K^~~~~[m[K
[01m[K/home/ros2_ws/src/wander/src/wander.cpp:14:7:[m[K [01;31m[Kerror: [m[Kinvalid use of â€˜[01m[Kthis[m[Kâ€™ in non-member function
   14 |       [01;31m[Kthis[m[K->get_logger(), *this->get_clock(), 2000,
      |       [01;31m[K^~~~[m[K
[01m[K/home/ros2_ws/src/wander/src/wander.cpp:14:28:[m[K [01;31m[Kerror: [m[Kinvalid use of â€˜[01m[Kthis[m[Kâ€™ in non-member function
   14 |       this->get_logger(), *[01;31m[Kthis[m[K->get_clock(), 2000,
      |                            [01;31m[K^~~~[m[K
[01m[K/home/ros2_ws/src/wander/src/wander.cpp:15:25:[m[K [01;31m[Kerror: [m[Kinvalid operands of types â€˜[01m[Kconst char [16][m[Kâ€™ and â€˜[01m[Kgeometry_msgs::msg::Point_<std::allocator<void> >::_x_type[m[Kâ€™ {aka â€˜[01m[Kdouble[m[Kâ€™} to binary â€˜[01m[Koperator<<[m[Kâ€™
   15 |       [32m[K"Odometry -> x: "[m[K [01;31m[K<<[m[K [34m[Kmsg->pose.pose.position.x[m[K << " | y: " << msg->pose.pose.position.y << " | ang: " << angle);
      |       [32m[K~~~~~~~~~~~~~~~~~[m[K [01;31m[K^~[m[K [34m[K~~~~~~~~~~~~~~~~~~~~~~~~~[m[K
      |       [32m[K|[m[K                                            [34m[K|[m[K
      |       [32m[Kconst char [16][m[K                              [34m[Kgeometry_msgs::msg::Point_<std::allocator<void> >::_x_type {aka double}[m[K
[01m[K/home/ros2_ws/src/wander/src/wander.cpp:13:3:[m[K [01;31m[Kerror: [m[Kâ€˜[01m[KRCLCPP_INFO_STREAM_THROTTLE[m[Kâ€™ was not declared in this scope
   13 |   [01;31m[KRCLCPP_INFO_STREAM_THROTTLE[m[K(
      |   [01;31m[K^~~~~~~~~~~~~~~~~~~~~~~~~~~[m[K
[01m[K/home/ros2_ws/src/wander/src/wander.cpp:13:3:[m[K [01;36m[Knote: [m[Kthe macro â€˜[01m[KRCLCPP_INFO_STREAM_THROTTLE[m[Kâ€™ had not yet been defined
In file included from [01m[K/opt/ros/jazzy/include/rclcpp/rclcpp/copy_all_parameter_values.hpp:27[m[K,
                 from [01m[K/opt/ros/jazzy/include/rclcpp/rclcpp/rclcpp.hpp:171[m[K,
                 from [01m[K/home/ros2_ws/src/wander/src/wander.cpp:20[m[K:
[01m[K/opt/ros/jazzy/include/rclcpp/rclcpp/logging.hpp:808:[m[K [01;36m[Knote: [m[Kit was later defined here
  808 | #define RCLCPP_INFO_STREAM_THROTTLE(logger, clock, duration, stream_arg) \
      | 
[01m[K/home/ros2_ws/src/wander/src/wander.cpp:[m[K At global scope:
[01m[K/home/ros2_ws/src/wander/src/wander.cpp:44:3:[m[K [01;31m[Kerror: [m[Kâ€˜[01m[KSibscription[m[Kâ€™ does not name a type; did you mean â€˜[01m[KSubscription[m[Kâ€™?
   44 |   [01;31m[KSibscription[m[K<LaserScan>::SharedPtr laserSub;
      |   [01;31m[K^~~~~~~~~~~~[m[K
      |   [32m[KSubscription[m[K
[01m[K/home/ros2_ws/src/wander/src/wander.cpp:79:2:[m[K [01;31m[Kerror: [m[Kexpected â€˜[01m[K;[m[Kâ€™ after class definition
   79 | }
      |  [01;31m[K^[m[K
      |  [32m[K;[m[K
[01m[K/home/ros2_ws/src/wander/src/wander.cpp:[m[K In member function â€˜[01m[Kvoid Wander::[01;32m[KcommandCallback[m[K(sensor_msgs::msg::LaserScan_<std::allocator<void> >::SharedPtr)[m[Kâ€™:
[01m[K/home/ros2_ws/src/wander/src/wander.cpp:54:9:[m[K [01;31m[Kerror: [m[Kredeclaration of â€˜[01m[Kint totalValues[m[Kâ€™
   54 |     int [01;31m[KtotalValues[m[K = min(totalValues, static_cast<int>(msg->ranges.size()));
      |         [01;31m[K^~~~~~~~~~~[m[K
[01m[K/home/ros2_ws/src/wander/src/wander.cpp:53:9:[m[K [01;36m[Knote: [m[Kâ€˜[01m[Kint totalValues[m[Kâ€™ previously declared here
   53 |     int [01;36m[KtotalValues[m[K = static_cast<int>(ceil((msg->angle_max - msg->angle_min) / msg->angle_increment));
      |         [01;36m[K^~~~~~~~~~~[m[K
[01m[K/home/ros2_ws/src/wander/src/wander.cpp:[m[K In constructor â€˜[01m[KWander::[01;32m[KWander[m[K()[m[Kâ€™:
[01m[K/home/ros2_ws/src/wander/src/wander.cpp:76:5:[m[K [01;31m[Kerror: [m[Kâ€˜[01m[KlaserSub[m[Kâ€™ was not declared in this scope
   76 |     [01;31m[KlaserSub[m[K = this->create_subscription<LaserScan>("base_scan", 1, bind(&Wander::commandCallback, this, std::placeholders::_1));
      |     [01;31m[K^~~~~~~~[m[K
[01m[K/home/ros2_ws/src/wander/src/wander.cpp:77:38:[m[K [01;31m[Kerror: [m[Kunable to find numeric literal operator â€˜[01m[Koperator""ms[m[Kâ€™
   77 |     timer_ = this->create_wall_timer([01;31m[K100ms[m[K, bind(&Wander::timerCallback, this));
      |                                      [01;31m[K^~~~~[m[K
gmake[2]: *** [CMakeFiles/wander_node.dir/build.make:76: CMakeFiles/wander_node.dir/src/wander.cpp.o] Error 1
gmake[1]: *** [CMakeFiles/Makefile2:137: CMakeFiles/wander_node.dir/all] Error 2
gmake: *** [Makefile:146: all] Error 2
