[0.012s] Invoking command in '/home/ros2_ws/src/wander/build/wander': CMAKE_PREFIX_PATH=${CMAKE_PREFIX_PATH}:/opt/ros/jazzy PS1=\[[1;32m\]\u@\h\[[0m\]:\[[1;34m\]\w\[[0m\]# /usr/bin/cmake /home/ros2_ws/src/wander -DCMAKE_INSTALL_PREFIX=/home/ros2_ws/src/wander/install/wander
[0.085s] -- The C compiler identification is GNU 13.3.0
[0.148s] -- The CXX compiler identification is GNU 13.3.0
[0.170s] -- Detecting C compiler ABI info
[0.284s] -- Detecting C compiler ABI info - done
[0.292s] -- Check for working C compiler: /usr/bin/cc - skipped
[0.292s] -- Detecting C compile features
[0.292s] -- Detecting C compile features - done
[0.304s] -- Detecting CXX compiler ABI info
[0.428s] -- Detecting CXX compiler ABI info - done
[0.436s] -- Check for working CXX compiler: /usr/bin/c++ - skipped
[0.437s] -- Detecting CXX compile features
[0.437s] -- Detecting CXX compile features - done
[0.445s] -- Found ament_cmake: 2.5.4 (/opt/ros/jazzy/share/ament_cmake/cmake)
[0.615s] -- Found Python3: /usr/bin/python3 (found version "3.12.3") found components: Interpreter 
[0.776s] -- Found rclcpp: 28.1.13 (/opt/ros/jazzy/share/rclcpp/cmake)
[0.847s] -- Found rosidl_generator_c: 4.6.6 (/opt/ros/jazzy/share/rosidl_generator_c/cmake)
[0.871s] -- Found rosidl_generator_cpp: 4.6.6 (/opt/ros/jazzy/share/rosidl_generator_cpp/cmake)
[0.897s] -- Using all available rosidl_typesupport_c: rosidl_typesupport_fastrtps_c;rosidl_typesupport_introspection_c
[0.926s] -- Using all available rosidl_typesupport_cpp: rosidl_typesupport_fastrtps_cpp;rosidl_typesupport_introspection_cpp
[1.036s] -- Found rmw_implementation_cmake: 7.3.2 (/opt/ros/jazzy/share/rmw_implementation_cmake/cmake)
[1.042s] -- Found rmw_fastrtps_cpp: 8.4.3 (/opt/ros/jazzy/share/rmw_fastrtps_cpp/cmake)
[1.180s] -- Found OpenSSL: /usr/lib/x86_64-linux-gnu/libcrypto.so (found version "3.0.13")  
[1.201s] -- Found FastRTPS: /opt/ros/jazzy/include (Required is at least version "2.13") 
[1.226s] -- Using RMW implementation 'rmw_fastrtps_cpp' as default
[1.323s] -- Found sensor_msgs: 5.3.6 (/opt/ros/jazzy/share/sensor_msgs/cmake)
[1.392s] -- Found nav_msgs: 5.3.6 (/opt/ros/jazzy/share/nav_msgs/cmake)
[1.425s] -- Found ament_lint_auto: 0.17.3 (/opt/ros/jazzy/share/ament_lint_auto/cmake)
[1.563s] -- Added test 'cppcheck' to perform static code analysis on C / C++ code
[1.563s] -- Configured cppcheck include dirs: 
[1.563s] -- Configured cppcheck exclude dirs and/or files: 
[1.566s] -- Added test 'lint_cmake' to check CMake code style
[1.573s] -- Added test 'uncrustify' to check C / C++ code style
[1.573s] -- Configured uncrustify additional arguments: 
[1.575s] -- Added test 'xmllint' to check XML markup files
[1.577s] -- Configuring done (1.5s)
[1.592s] -- Generating done (0.0s)
[1.596s] -- Build files have been written to: /home/ros2_ws/src/wander/build/wander
[1.606s] Invoked command in '/home/ros2_ws/src/wander/build/wander' returned '0': CMAKE_PREFIX_PATH=${CMAKE_PREFIX_PATH}:/opt/ros/jazzy PS1=\[[1;32m\]\u@\h\[[0m\]:\[[1;34m\]\w\[[0m\]# /usr/bin/cmake /home/ros2_ws/src/wander -DCMAKE_INSTALL_PREFIX=/home/ros2_ws/src/wander/install/wander
[1.608s] Invoking command in '/home/ros2_ws/src/wander/build/wander': CMAKE_PREFIX_PATH=${CMAKE_PREFIX_PATH}:/opt/ros/jazzy PS1=\[[1;32m\]\u@\h\[[0m\]:\[[1;34m\]\w\[[0m\]# /usr/bin/cmake --build /home/ros2_ws/src/wander/build/wander -- -j8 -l8
[1.681s] [ 50%] [32mBuilding CXX object CMakeFiles/wander_node.dir/src/wander.cpp.o[0m
[2.283s] [01m[K/home/ros2_ws/src/wander/src/wander.cpp:3:1:[m[K [01;31m[Kerror: [m[Kâ€˜[01m[Krclcpp[m[Kâ€™ does not name a type
[2.284s]     3 | [01;31m[Krclcpp[m[K::Subscription<nav_msgs::msg::Odometry>::SharedPtr odometrySub;
[2.284s]       | [01;31m[K^~~~~~[m[K
[2.284s] [01m[K/home/ros2_ws/src/wander/src/wander.cpp:5:1:[m[K [01;31m[Kerror: [m[Kâ€˜[01m[KodometrySub[m[Kâ€™ does not name a type
[2.285s]     5 | [01;31m[KodometrySub[m[K = this->create_subscription<nav_msgs::msg::Odometry>("odom", 1, std::bind(&Wander::commandOdom, this, std::placeholders::_1));
[2.285s]       | [01;31m[K^~~~~~~~~~~[m[K
[2.288s] [01m[K/home/ros2_ws/src/wander/src/wander.cpp:[m[K In function â€˜[01m[Kvoid[01;32m[K commandOdom[m[K(nav_msgs::msg::Odometry_<std::allocator<void> >::SharedPtr)[m[Kâ€™:
[2.289s] [01m[K/home/ros2_ws/src/wander/src/wander.cpp:10:22:[m[K [01;31m[Kerror: [m[Kâ€˜[01m[Katan2[m[Kâ€™ was not declared in this scope
[2.289s]    10 |   double angle = 2 * [01;31m[Katan2[m[K(q_z, q_w);
[2.289s]       |                      [01;31m[K^~~~~[m[K
[2.289s] [01m[K/home/ros2_ws/src/wander/src/wander.cpp:14:7:[m[K [01;31m[Kerror: [m[Kinvalid use of â€˜[01m[Kthis[m[Kâ€™ in non-member function
[2.289s]    14 |       [01;31m[Kthis[m[K->get_logger(), *this->get_clock(), 2000,
[2.289s]       |       [01;31m[K^~~~[m[K
[2.289s] [01m[K/home/ros2_ws/src/wander/src/wander.cpp:14:28:[m[K [01;31m[Kerror: [m[Kinvalid use of â€˜[01m[Kthis[m[Kâ€™ in non-member function
[2.290s]    14 |       this->get_logger(), *[01;31m[Kthis[m[K->get_clock(), 2000,
[2.290s]       |                            [01;31m[K^~~~[m[K
[2.290s] [01m[K/home/ros2_ws/src/wander/src/wander.cpp:15:25:[m[K [01;31m[Kerror: [m[Kinvalid operands of types â€˜[01m[Kconst char [16][m[Kâ€™ and â€˜[01m[Kgeometry_msgs::msg::Point_<std::allocator<void> >::_x_type[m[Kâ€™ {aka â€˜[01m[Kdouble[m[Kâ€™} to binary â€˜[01m[Koperator<<[m[Kâ€™
[2.290s]    15 |       [32m[K"Odometry -> x: "[m[K [01;31m[K<<[m[K [34m[Kmsg->pose.pose.position.x[m[K << " | y: " << msg->pose.pose.position.y << " | ang: " << angle);
[2.290s]       |       [32m[K~~~~~~~~~~~~~~~~~[m[K [01;31m[K^~[m[K [34m[K~~~~~~~~~~~~~~~~~~~~~~~~~[m[K
[2.290s]       |       [32m[K|[m[K                                            [34m[K|[m[K
[2.290s]       |       [32m[Kconst char [16][m[K                              [34m[Kgeometry_msgs::msg::Point_<std::allocator<void> >::_x_type {aka double}[m[K
[2.292s] [01m[K/home/ros2_ws/src/wander/src/wander.cpp:13:3:[m[K [01;31m[Kerror: [m[Kâ€˜[01m[KRCLCPP_INFO_STREAM_THROTTLE[m[Kâ€™ was not declared in this scope
[2.292s]    13 |   [01;31m[KRCLCPP_INFO_STREAM_THROTTLE[m[K(
[2.292s]       |   [01;31m[K^~~~~~~~~~~~~~~~~~~~~~~~~~~[m[K
[2.292s] [01m[K/home/ros2_ws/src/wander/src/wander.cpp:13:3:[m[K [01;36m[Knote: [m[Kthe macro â€˜[01m[KRCLCPP_INFO_STREAM_THROTTLE[m[Kâ€™ had not yet been defined
[2.292s] In file included from [01m[K/opt/ros/jazzy/include/rclcpp/rclcpp/copy_all_parameter_values.hpp:27[m[K,
[2.293s]                  from [01m[K/opt/ros/jazzy/include/rclcpp/rclcpp/rclcpp.hpp:171[m[K,
[2.293s]                  from [01m[K/home/ros2_ws/src/wander/src/wander.cpp:20[m[K:
[2.293s] [01m[K/opt/ros/jazzy/include/rclcpp/rclcpp/logging.hpp:808:[m[K [01;36m[Knote: [m[Kit was later defined here
[2.293s]   808 | #define RCLCPP_INFO_STREAM_THROTTLE(logger, clock, duration, stream_arg) \
[2.293s]       | 
[3.793s] [01m[K/home/ros2_ws/src/wander/src/wander.cpp:[m[K At global scope:
[3.793s] [01m[K/home/ros2_ws/src/wander/src/wander.cpp:44:3:[m[K [01;31m[Kerror: [m[Kâ€˜[01m[KSibscription[m[Kâ€™ does not name a type; did you mean â€˜[01m[KSubscription[m[Kâ€™?
[3.794s]    44 |   [01;31m[KSibscription[m[K<LaserScan>::SharedPtr laserSub;
[3.794s]       |   [01;31m[K^~~~~~~~~~~~[m[K
[3.794s]       |   [32m[KSubscription[m[K
[3.794s] [01m[K/home/ros2_ws/src/wander/src/wander.cpp:79:2:[m[K [01;31m[Kerror: [m[Kexpected â€˜[01m[K;[m[Kâ€™ after class definition
[3.794s]    79 | }
[3.795s]       |  [01;31m[K^[m[K
[3.795s]       |  [32m[K;[m[K
[3.795s] [01m[K/home/ros2_ws/src/wander/src/wander.cpp:[m[K In member function â€˜[01m[Kvoid Wander::[01;32m[KcommandCallback[m[K(sensor_msgs::msg::LaserScan_<std::allocator<void> >::SharedPtr)[m[Kâ€™:
[3.796s] [01m[K/home/ros2_ws/src/wander/src/wander.cpp:54:9:[m[K [01;31m[Kerror: [m[Kredeclaration of â€˜[01m[Kint totalValues[m[Kâ€™
[3.796s]    54 |     int [01;31m[KtotalValues[m[K = min(totalValues, static_cast<int>(msg->ranges.size()));
[3.796s]       |         [01;31m[K^~~~~~~~~~~[m[K
[3.796s] [01m[K/home/ros2_ws/src/wander/src/wander.cpp:53:9:[m[K [01;36m[Knote: [m[Kâ€˜[01m[Kint totalValues[m[Kâ€™ previously declared here
[3.796s]    53 |     int [01;36m[KtotalValues[m[K = static_cast<int>(ceil((msg->angle_max - msg->angle_min) / msg->angle_increment));
[3.796s]       |         [01;36m[K^~~~~~~~~~~[m[K
[3.804s] [01m[K/home/ros2_ws/src/wander/src/wander.cpp:[m[K In constructor â€˜[01m[KWander::[01;32m[KWander[m[K()[m[Kâ€™:
[3.805s] [01m[K/home/ros2_ws/src/wander/src/wander.cpp:76:5:[m[K [01;31m[Kerror: [m[Kâ€˜[01m[KlaserSub[m[Kâ€™ was not declared in this scope
[3.805s]    76 |     [01;31m[KlaserSub[m[K = this->create_subscription<LaserScan>("base_scan", 1, bind(&Wander::commandCallback, this, std::placeholders::_1));
[3.805s]       |     [01;31m[K^~~~~~~~[m[K
[3.830s] [01m[K/home/ros2_ws/src/wander/src/wander.cpp:77:38:[m[K [01;31m[Kerror: [m[Kunable to find numeric literal operator â€˜[01m[Koperator""ms[m[Kâ€™
[3.831s]    77 |     timer_ = this->create_wall_timer([01;31m[K100ms[m[K, bind(&Wander::timerCallback, this));
[3.831s]       |                                      [01;31m[K^~~~~[m[K
[5.856s] gmake[2]: *** [CMakeFiles/wander_node.dir/build.make:76: CMakeFiles/wander_node.dir/src/wander.cpp.o] Error 1
[5.856s] gmake[1]: *** [CMakeFiles/Makefile2:137: CMakeFiles/wander_node.dir/all] Error 2
[5.857s] gmake: *** [Makefile:146: all] Error 2
[5.861s] Invoked command in '/home/ros2_ws/src/wander/build/wander' returned '2': CMAKE_PREFIX_PATH=${CMAKE_PREFIX_PATH}:/opt/ros/jazzy PS1=\[[1;32m\]\u@\h\[[0m\]:\[[1;34m\]\w\[[0m\]# /usr/bin/cmake --build /home/ros2_ws/src/wander/build/wander -- -j8 -l8
