[ 50%] [32mBuilding CXX object CMakeFiles/wander_node.dir/src/wander.cpp.o[0m
[01m[K/home/ros2_ws/src/wander/src/wander.cpp:29:40:[m[K [01;31m[Kerror: [m[Kusing typedef-name â€˜[01m[Kusing rclcpp::Subscription<nav_msgs::msg::Odometry_<std::allocator<void> > >::SharedPtr = class std::shared_ptr<rclcpp::Subscription<nav_msgs::msg::Odometry_<std::allocator<void> > > >[m[Kâ€™ after â€˜[01m[Kclass[m[Kâ€™
   29 |   friend class Subscription<Odometry>::[01;31m[KSharedPtr[m[K;
      |                                        [01;31m[K^~~~~~~~~[m[K
In file included from [01m[K/opt/ros/jazzy/include/rclcpp/rclcpp/context.hpp:35[m[K,
                 from [01m[K/opt/ros/jazzy/include/rclcpp/rclcpp/utilities.hpp:24[m[K,
                 from [01m[K/opt/ros/jazzy/include/rclcpp/rclcpp/logging.hpp:25[m[K,
                 from [01m[K/opt/ros/jazzy/include/rclcpp/rclcpp/copy_all_parameter_values.hpp:27[m[K,
                 from [01m[K/opt/ros/jazzy/include/rclcpp/rclcpp/rclcpp.hpp:171[m[K,
                 from [01m[K/home/ros2_ws/src/wander/src/wander.cpp:3[m[K:
[01m[K/opt/ros/jazzy/include/rclcpp/rclcpp/subscription.hpp:110:3:[m[K [01;36m[Knote: [m[Kâ€˜[01m[Kusing rclcpp::Subscription<nav_msgs::msg::Odometry_<std::allocator<void> > >::SharedPtr = class std::shared_ptr<rclcpp::Subscription<nav_msgs::msg::Odometry_<std::allocator<void> > > >[m[Kâ€™ has a previous declaration here
  110 |   [01;36m[KRCLCPP_SMART_PTR_DEFINITIONS[m[K(Subscription)
      |   [01;36m[K^~~~~~~~~~~~~~~~~~~~~~~~~~~~[m[K
[01m[K/home/ros2_ws/src/wander/src/wander.cpp:29:3:[m[K [01;31m[Kerror: [m[Kfriend declaration does not name a class or function
   29 |   [01;31m[Kfriend[m[K class Subscription<Odometry>::SharedPtr;
      |   [01;31m[K^~~~~~[m[K
[01m[K/home/ros2_ws/src/wander/src/wander.cpp:[m[K In constructor â€˜[01m[KWander::[01;32m[KWander[m[K()[m[Kâ€™:
[01m[K/home/ros2_ws/src/wander/src/wander.cpp:75:38:[m[K [01;31m[Kerror: [m[Kunable to find numeric literal operator â€˜[01m[Koperator""ms[m[Kâ€™
   75 |     timer_ = this->create_wall_timer([01;31m[K100ms[m[K, bind(&Wander::timerCallback, this));
      |                                      [01;31m[K^~~~~[m[K
[01m[K/home/ros2_ws/src/wander/src/wander.cpp:[m[K At global scope:
[01m[K/home/ros2_ws/src/wander/src/wander.cpp:80:1:[m[K [01;31m[Kerror: [m[Kconflicting declaration â€˜[01m[KWander odometrySub[m[Kâ€™
   80 | [01;31m[KodometrySub[m[K = this->create_subscription<Odometry>("odom", 1, bind(&Wander::commandOdom, this, std::placeholders::_1));
      | [01;31m[K^~~~~~~~~~~[m[K
[01m[K/home/ros2_ws/src/wander/src/wander.cpp:25:35:[m[K [01;36m[Knote: [m[Kprevious declaration as â€˜[01m[Krclcpp::Subscription<nav_msgs::msg::Odometry_<std::allocator<void> > >::SharedPtr odometrySub[m[Kâ€™
   25 | Subscription<Odometry>::SharedPtr [01;36m[KodometrySub[m[K;
      |                                   [01;36m[K^~~~~~~~~~~[m[K
[01m[K/home/ros2_ws/src/wander/src/wander.cpp:80:15:[m[K [01;31m[Kerror: [m[Kinvalid use of â€˜[01m[Kthis[m[Kâ€™ at top level
   80 | odometrySub = [01;31m[Kthis[m[K->create_subscription<Odometry>("odom", 1, bind(&Wander::commandOdom, this, std::placeholders::_1));
      |               [01;31m[K^~~~[m[K
[01m[K/home/ros2_ws/src/wander/src/wander.cpp:80:49:[m[K [01;31m[Kerror: [m[Kexpected primary-expression before â€˜[01m[K>[m[Kâ€™ token
   80 | odometrySub = this->create_subscription<Odometry[01;31m[K>[m[K("odom", 1, bind(&Wander::commandOdom, this, std::placeholders::_1));
      |                                                 [01;31m[K^[m[K
[01m[K/home/ros2_ws/src/wander/src/wander.cpp:80:51:[m[K [01;35m[Kwarning: [m[Kleft operand of comma operator has no effect [[01;35m[K]8;;https://gcc.gnu.org/onlinedocs/gcc/Warning-Options.html#index-Wunused-value-Wunused-value]8;;[m[K]
   80 | odometrySub = this->create_subscription<Odometry>([01;35m[K"odom"[m[K, 1, bind(&Wander::commandOdom, this, std::placeholders::_1));
      |                                                   [01;35m[K^~~~~~[m[K
[01m[K/home/ros2_ws/src/wander/src/wander.cpp:80:76:[m[K [01;31m[Kerror: [m[Kâ€˜[01m[Kvoid Wander::[01;32m[KcommandOdom[m[K(nav_msgs::msg::Odometry_<std::allocator<void> >::SharedPtr)[m[Kâ€™ is private within this context
   80 | odometrySub = this->create_subscription<Odometry>("odom", 1, bind(&Wander::[01;31m[KcommandOdom[m[K, this, std::placeholders::_1));
      |                                                                            [01;31m[K^~~~~~~~~~~[m[K
[01m[K/home/ros2_ws/src/wander/src/wander.cpp:56:8:[m[K [01;36m[Knote: [m[Kdeclared private here
   56 |   void [01;36m[KcommandOdom[m[K(const nav_msgs::msg::Odometry::SharedPtr msg) {
      |        [01;36m[K^~~~~~~~~~~[m[K
[01m[K/home/ros2_ws/src/wander/src/wander.cpp:80:89:[m[K [01;31m[Kerror: [m[Kinvalid use of â€˜[01m[Kthis[m[Kâ€™ at top level
   80 | odometrySub = this->create_subscription<Odometry>("odom", 1, bind(&Wander::commandOdom, [01;31m[Kthis[m[K, std::placeholders::_1));
      |                                                                                         [01;31m[K^~~~[m[K
gmake[2]: *** [CMakeFiles/wander_node.dir/build.make:76: CMakeFiles/wander_node.dir/src/wander.cpp.o] Error 1
gmake[1]: *** [CMakeFiles/Makefile2:137: CMakeFiles/wander_node.dir/all] Error 2
gmake: *** [Makefile:146: all] Error 2
