[0.013s] Invoking command in '/home/ros2_ws/src/wander/build/wander': CMAKE_PREFIX_PATH=${CMAKE_PREFIX_PATH}:/opt/ros/jazzy PS1=\[[1;32m\]\u@\h\[[0m\]:\[[1;34m\]\w\[[0m\]# /usr/bin/cmake --build /home/ros2_ws/src/wander/build/wander -- -j8 -l8
[0.097s] [ 50%] [32mBuilding CXX object CMakeFiles/wander_node.dir/src/wander.cpp.o[0m
[2.254s] [01m[K/home/ros2_ws/src/wander/src/wander.cpp:29:40:[m[K [01;31m[Kerror: [m[Kusing typedef-name â€˜[01m[Kusing rclcpp::Subscription<nav_msgs::msg::Odometry_<std::allocator<void> > >::SharedPtr = class std::shared_ptr<rclcpp::Subscription<nav_msgs::msg::Odometry_<std::allocator<void> > > >[m[Kâ€™ after â€˜[01m[Kclass[m[Kâ€™
[2.254s]    29 |   friend class Subscription<Odometry>::[01;31m[KSharedPtr[m[K;
[2.254s]       |                                        [01;31m[K^~~~~~~~~[m[K
[2.254s] In file included from [01m[K/opt/ros/jazzy/include/rclcpp/rclcpp/context.hpp:35[m[K,
[2.254s]                  from [01m[K/opt/ros/jazzy/include/rclcpp/rclcpp/utilities.hpp:24[m[K,
[2.254s]                  from [01m[K/opt/ros/jazzy/include/rclcpp/rclcpp/logging.hpp:25[m[K,
[2.255s]                  from [01m[K/opt/ros/jazzy/include/rclcpp/rclcpp/copy_all_parameter_values.hpp:27[m[K,
[2.255s]                  from [01m[K/opt/ros/jazzy/include/rclcpp/rclcpp/rclcpp.hpp:171[m[K,
[2.255s]                  from [01m[K/home/ros2_ws/src/wander/src/wander.cpp:3[m[K:
[2.255s] [01m[K/opt/ros/jazzy/include/rclcpp/rclcpp/subscription.hpp:110:3:[m[K [01;36m[Knote: [m[Kâ€˜[01m[Kusing rclcpp::Subscription<nav_msgs::msg::Odometry_<std::allocator<void> > >::SharedPtr = class std::shared_ptr<rclcpp::Subscription<nav_msgs::msg::Odometry_<std::allocator<void> > > >[m[Kâ€™ has a previous declaration here
[2.255s]   110 |   [01;36m[KRCLCPP_SMART_PTR_DEFINITIONS[m[K(Subscription)
[2.255s]       |   [01;36m[K^~~~~~~~~~~~~~~~~~~~~~~~~~~~[m[K
[2.255s] [01m[K/home/ros2_ws/src/wander/src/wander.cpp:29:3:[m[K [01;31m[Kerror: [m[Kfriend declaration does not name a class or function
[2.256s]    29 |   [01;31m[Kfriend[m[K class Subscription<Odometry>::SharedPtr;
[2.256s]       |   [01;31m[K^~~~~~[m[K
[2.295s] [01m[K/home/ros2_ws/src/wander/src/wander.cpp:[m[K In constructor â€˜[01m[KWander::[01;32m[KWander[m[K()[m[Kâ€™:
[2.295s] [01m[K/home/ros2_ws/src/wander/src/wander.cpp:75:38:[m[K [01;31m[Kerror: [m[Kunable to find numeric literal operator â€˜[01m[Koperator""ms[m[Kâ€™
[2.295s]    75 |     timer_ = this->create_wall_timer([01;31m[K100ms[m[K, bind(&Wander::timerCallback, this));
[2.295s]       |                                      [01;31m[K^~~~~[m[K
[2.299s] [01m[K/home/ros2_ws/src/wander/src/wander.cpp:[m[K At global scope:
[2.299s] [01m[K/home/ros2_ws/src/wander/src/wander.cpp:80:1:[m[K [01;31m[Kerror: [m[Kconflicting declaration â€˜[01m[KWander odometrySub[m[Kâ€™
[2.299s]    80 | [01;31m[KodometrySub[m[K = this->create_subscription<Odometry>("odom", 1, bind(&Wander::commandOdom, this, std::placeholders::_1));
[2.299s]       | [01;31m[K^~~~~~~~~~~[m[K
[2.300s] [01m[K/home/ros2_ws/src/wander/src/wander.cpp:25:35:[m[K [01;36m[Knote: [m[Kprevious declaration as â€˜[01m[Krclcpp::Subscription<nav_msgs::msg::Odometry_<std::allocator<void> > >::SharedPtr odometrySub[m[Kâ€™
[2.300s]    25 | Subscription<Odometry>::SharedPtr [01;36m[KodometrySub[m[K;
[2.300s]       |                                   [01;36m[K^~~~~~~~~~~[m[K
[2.300s] [01m[K/home/ros2_ws/src/wander/src/wander.cpp:80:15:[m[K [01;31m[Kerror: [m[Kinvalid use of â€˜[01m[Kthis[m[Kâ€™ at top level
[2.300s]    80 | odometrySub = [01;31m[Kthis[m[K->create_subscription<Odometry>("odom", 1, bind(&Wander::commandOdom, this, std::placeholders::_1));
[2.300s]       |               [01;31m[K^~~~[m[K
[2.300s] [01m[K/home/ros2_ws/src/wander/src/wander.cpp:80:49:[m[K [01;31m[Kerror: [m[Kexpected primary-expression before â€˜[01m[K>[m[Kâ€™ token
[2.301s]    80 | odometrySub = this->create_subscription<Odometry[01;31m[K>[m[K("odom", 1, bind(&Wander::commandOdom, this, std::placeholders::_1));
[2.301s]       |                                                 [01;31m[K^[m[K
[2.301s] [01m[K/home/ros2_ws/src/wander/src/wander.cpp:80:51:[m[K [01;35m[Kwarning: [m[Kleft operand of comma operator has no effect [[01;35m[K]8;;https://gcc.gnu.org/onlinedocs/gcc/Warning-Options.html#index-Wunused-value-Wunused-value]8;;[m[K]
[2.301s]    80 | odometrySub = this->create_subscription<Odometry>([01;35m[K"odom"[m[K, 1, bind(&Wander::commandOdom, this, std::placeholders::_1));
[2.301s]       |                                                   [01;35m[K^~~~~~[m[K
[2.301s] [01m[K/home/ros2_ws/src/wander/src/wander.cpp:80:76:[m[K [01;31m[Kerror: [m[Kâ€˜[01m[Kvoid Wander::[01;32m[KcommandOdom[m[K(nav_msgs::msg::Odometry_<std::allocator<void> >::SharedPtr)[m[Kâ€™ is private within this context
[2.301s]    80 | odometrySub = this->create_subscription<Odometry>("odom", 1, bind(&Wander::[01;31m[KcommandOdom[m[K, this, std::placeholders::_1));
[2.302s]       |                                                                            [01;31m[K^~~~~~~~~~~[m[K
[2.302s] [01m[K/home/ros2_ws/src/wander/src/wander.cpp:56:8:[m[K [01;36m[Knote: [m[Kdeclared private here
[2.302s]    56 |   void [01;36m[KcommandOdom[m[K(const nav_msgs::msg::Odometry::SharedPtr msg) {
[2.302s]       |        [01;36m[K^~~~~~~~~~~[m[K
[2.302s] [01m[K/home/ros2_ws/src/wander/src/wander.cpp:80:89:[m[K [01;31m[Kerror: [m[Kinvalid use of â€˜[01m[Kthis[m[Kâ€™ at top level
[2.302s]    80 | odometrySub = this->create_subscription<Odometry>("odom", 1, bind(&Wander::commandOdom, [01;31m[Kthis[m[K, std::placeholders::_1));
[2.302s]       |                                                                                         [01;31m[K^~~~[m[K
[4.483s] gmake[2]: *** [CMakeFiles/wander_node.dir/build.make:76: CMakeFiles/wander_node.dir/src/wander.cpp.o] Error 1
[4.483s] gmake[1]: *** [CMakeFiles/Makefile2:137: CMakeFiles/wander_node.dir/all] Error 2
[4.484s] gmake: *** [Makefile:146: all] Error 2
[4.487s] Invoked command in '/home/ros2_ws/src/wander/build/wander' returned '2': CMAKE_PREFIX_PATH=${CMAKE_PREFIX_PATH}:/opt/ros/jazzy PS1=\[[1;32m\]\u@\h\[[0m\]:\[[1;34m\]\w\[[0m\]# /usr/bin/cmake --build /home/ros2_ws/src/wander/build/wander -- -j8 -l8
