[0.015s] Invoking command in '/home/ros2_ws/src/wander/build/wander': CMAKE_PREFIX_PATH=${CMAKE_PREFIX_PATH}:/opt/ros/jazzy PS1=\[[1;32m\]\u@\h\[[0m\]:\[[1;34m\]\w\[[0m\]# /usr/bin/cmake --build /home/ros2_ws/src/wander/build/wander -- -j8 -l8
[0.100s] [ 50%] [32mBuilding CXX object CMakeFiles/wander_node.dir/src/wander.cpp.o[0m
[2.222s] [01m[K/home/ros2_ws/src/wander/src/wander.cpp:[m[K In constructor â€˜[01m[KWander::[01;32m[KWander[m[K()[m[Kâ€™:
[2.222s] [01m[K/home/ros2_ws/src/wander/src/wander.cpp:75:38:[m[K [01;31m[Kerror: [m[Kunable to find numeric literal operator â€˜[01m[Koperator""ms[m[Kâ€™
[2.222s]    75 |     timer_ = this->create_wall_timer([01;31m[K100ms[m[K, bind(&Wander::timerCallback, this));
[2.222s]       |                                      [01;31m[K^~~~~[m[K
[2.225s] [01m[K/home/ros2_ws/src/wander/src/wander.cpp:[m[K At global scope:
[2.225s] [01m[K/home/ros2_ws/src/wander/src/wander.cpp:80:1:[m[K [01;31m[Kerror: [m[Kconflicting declaration â€˜[01m[KWander odometrySub[m[Kâ€™
[2.226s]    80 | [01;31m[KodometrySub[m[K = this->create_subscription<Odometry>("odom", 1, bind(&Wander::commandOdom, this, std::placeholders::_1));
[2.226s]       | [01;31m[K^~~~~~~~~~~[m[K
[2.226s] [01m[K/home/ros2_ws/src/wander/src/wander.cpp:25:35:[m[K [01;36m[Knote: [m[Kprevious declaration as â€˜[01m[Krclcpp::Subscription<nav_msgs::msg::Odometry_<std::allocator<void> > >::SharedPtr odometrySub[m[Kâ€™
[2.226s]    25 | Subscription<Odometry>::SharedPtr [01;36m[KodometrySub[m[K;
[2.226s]       |                                   [01;36m[K^~~~~~~~~~~[m[K
[2.226s] [01m[K/home/ros2_ws/src/wander/src/wander.cpp:80:15:[m[K [01;31m[Kerror: [m[Kinvalid use of â€˜[01m[Kthis[m[Kâ€™ at top level
[2.226s]    80 | odometrySub = [01;31m[Kthis[m[K->create_subscription<Odometry>("odom", 1, bind(&Wander::commandOdom, this, std::placeholders::_1));
[2.227s]       |               [01;31m[K^~~~[m[K
[2.227s] [01m[K/home/ros2_ws/src/wander/src/wander.cpp:80:49:[m[K [01;31m[Kerror: [m[Kexpected primary-expression before â€˜[01m[K>[m[Kâ€™ token
[2.227s]    80 | odometrySub = this->create_subscription<Odometry[01;31m[K>[m[K("odom", 1, bind(&Wander::commandOdom, this, std::placeholders::_1));
[2.227s]       |                                                 [01;31m[K^[m[K
[2.227s] [01m[K/home/ros2_ws/src/wander/src/wander.cpp:80:51:[m[K [01;35m[Kwarning: [m[Kleft operand of comma operator has no effect [[01;35m[K]8;;https://gcc.gnu.org/onlinedocs/gcc/Warning-Options.html#index-Wunused-value-Wunused-value]8;;[m[K]
[2.227s]    80 | odometrySub = this->create_subscription<Odometry>([01;35m[K"odom"[m[K, 1, bind(&Wander::commandOdom, this, std::placeholders::_1));
[2.227s]       |                                                   [01;35m[K^~~~~~[m[K
[2.228s] [01m[K/home/ros2_ws/src/wander/src/wander.cpp:80:76:[m[K [01;31m[Kerror: [m[Kâ€˜[01m[Kvoid Wander::[01;32m[KcommandOdom[m[K(nav_msgs::msg::Odometry_<std::allocator<void> >::SharedPtr)[m[Kâ€™ is private within this context
[2.228s]    80 | odometrySub = this->create_subscription<Odometry>("odom", 1, bind(&Wander::[01;31m[KcommandOdom[m[K, this, std::placeholders::_1));
[2.228s]       |                                                                            [01;31m[K^~~~~~~~~~~[m[K
[2.228s] [01m[K/home/ros2_ws/src/wander/src/wander.cpp:56:8:[m[K [01;36m[Knote: [m[Kdeclared private here
[2.228s]    56 |   void [01;36m[KcommandOdom[m[K(const nav_msgs::msg::Odometry::SharedPtr msg) {
[2.228s]       |        [01;36m[K^~~~~~~~~~~[m[K
[2.228s] [01m[K/home/ros2_ws/src/wander/src/wander.cpp:80:89:[m[K [01;31m[Kerror: [m[Kinvalid use of â€˜[01m[Kthis[m[Kâ€™ at top level
[2.228s]    80 | odometrySub = this->create_subscription<Odometry>("odom", 1, bind(&Wander::commandOdom, [01;31m[Kthis[m[K, std::placeholders::_1));
[2.229s]       |                                                                                         [01;31m[K^~~~[m[K
[4.387s] gmake[2]: *** [CMakeFiles/wander_node.dir/build.make:76: CMakeFiles/wander_node.dir/src/wander.cpp.o] Error 1
[4.387s] gmake[1]: *** [CMakeFiles/Makefile2:137: CMakeFiles/wander_node.dir/all] Error 2
[4.387s] gmake: *** [Makefile:146: all] Error 2
[4.390s] Invoked command in '/home/ros2_ws/src/wander/build/wander' returned '2': CMAKE_PREFIX_PATH=${CMAKE_PREFIX_PATH}:/opt/ros/jazzy PS1=\[[1;32m\]\u@\h\[[0m\]:\[[1;34m\]\w\[[0m\]# /usr/bin/cmake --build /home/ros2_ws/src/wander/build/wander -- -j8 -l8
